# JRE version: Java(TM) SE Runtime Environment (8.0_74-b02) (build 1.8.0_74-b02)
# Java VM: Java HotSpot(TM) 64-Bit Server VM (25.74-b02 mixed mode bsd-amd64 compressed oops)
Heap:
 PSYoungGen      total 293376K, used 293167K [0x00000007aab00000, 0x00000007c0000000, 0x00000007c0000000)
  eden space 254976K, 100% used [0x00000007aab00000,0x00000007ba400000,0x00000007ba400000)
  from space 38400K, 99% used [0x00000007ba400000,0x00000007bc94bcc8,0x00000007bc980000)
  to   space 50688K, 71% used [0x00000007bce80000,0x00000007bf1d0000,0x00000007c0000000)
 ParOldGen       total 346112K, used 70557K [0x0000000780000000, 0x0000000795200000, 0x00000007aab00000)
  object space 346112K, 20% used [0x0000000780000000,0x00000007844e7490,0x0000000795200000)
 Metaspace       used 68432K, capacity 70980K, committed 71552K, reserved 1112064K
  class space    used 8962K, capacity 9477K, committed 9600K, reserved 1048576K
GC Heap History (10 events):
Event: 4528.889 GC heap after
Heap after GC invocations=46 (full 6):
 PSYoungGen      total 289792K, used 160K [0x00000007aab00000, 0x00000007bf700000, 0x00000007c0000000)
  eden space 243712K, 0% used [0x00000007aab00000,0x00000007aab00000,0x00000007b9900000)
  from space 46080K, 0% used [0x00000007bca00000,0x00000007bca28000,0x00000007bf700000)
  to   space 48128K, 0% used [0x00000007b9900000,0x00000007b9900000,0x00000007bc800000)
 ParOldGen       total 346112K, used 76713K [0x0000000780000000, 0x0000000795200000, 0x00000007aab00000)
  object space 346112K, 22% used [0x0000000780000000,0x0000000784aea608,0x0000000795200000)
 Metaspace       used 68255K, capacity 70860K, committed 71040K, reserved 1110016K
  class space    used 9005K, capacity 9564K, committed 9600K, reserved 1048576K
}
Event: 4528.889 GC heap before
{Heap before GC invocations=47 (full 7):
 PSYoungGen      total 289792K, used 160K [0x00000007aab00000, 0x00000007bf700000, 0x00000007c0000000)
  eden space 243712K, 0% used [0x00000007aab00000,0x00000007aab00000,0x00000007b9900000)
  from space 46080K, 0% used [0x00000007bca00000,0x00000007bca28000,0x00000007bf700000)
  to   space 48128K, 0% used [0x00000007b9900000,0x00000007b9900000,0x00000007bc800000)
 ParOldGen       total 346112K, used 76713K [0x0000000780000000, 0x0000000795200000, 0x00000007aab00000)
  object space 346112K, 22% used [0x0000000780000000,0x0000000784aea608,0x0000000795200000)
 Metaspace       used 68255K, capacity 70860K, committed 71040K, reserved 1110016K
  class space    used 9005K, capacity 9564K, committed 9600K, reserved 1048576K
Event: 4529.111 GC heap after
Heap after GC invocations=47 (full 7):
 PSYoungGen      total 289792K, used 0K [0x00000007aab00000, 0x00000007bf700000, 0x00000007c0000000)
  eden space 243712K, 0% used [0x00000007aab00000,0x00000007aab00000,0x00000007b9900000)
  from space 46080K, 0% used [0x00000007bca00000,0x00000007bca00000,0x00000007bf700000)
  to   space 48128K, 0% used [0x00000007b9900000,0x00000007b9900000,0x00000007bc800000)
 ParOldGen       total 346112K, used 41514K [0x0000000780000000, 0x0000000795200000, 0x00000007aab00000)
  object space 346112K, 11% used [0x0000000780000000,0x000000078288ab78,0x0000000795200000)
 Metaspace       used 67263K, capacity 68980K, committed 71040K, reserved 1110016K
  class space    used 8755K, capacity 9095K, committed 9600K, reserved 1048576K
}
Event: 4944.376 GC heap before
{Heap before GC invocations=48 (full 7):
 PSYoungGen      total 289792K, used 243712K [0x00000007aab00000, 0x00000007bf700000, 0x00000007c0000000)
  eden space 243712K, 100% used [0x00000007aab00000,0x00000007b9900000,0x00000007b9900000)
  from space 46080K, 0% used [0x00000007bca00000,0x00000007bca00000,0x00000007bf700000)
  to   space 48128K, 0% used [0x00000007b9900000,0x00000007b9900000,0x00000007bc800000)
 ParOldGen       total 346112K, used 41514K [0x0000000780000000, 0x0000000795200000, 0x00000007aab00000)
  object space 346112K, 11% used [0x0000000780000000,0x000000078288ab78,0x0000000795200000)
 Metaspace       used 67818K, capacity 70146K, committed 71296K, reserved 1112064K
  class space    used 8874K, capacity 9291K, committed 9600K, reserved 1048576K
Event: 4944.410 GC heap after
Heap after GC invocations=48 (full 7):
 PSYoungGen      total 291840K, used 14816K [0x00000007aab00000, 0x00000007bfe00000, 0x00000007c0000000)
  eden space 243712K, 0% used [0x00000007aab00000,0x00000007aab00000,0x00000007b9900000)
  from space 48128K, 30% used [0x00000007b9900000,0x00000007ba778020,0x00000007bc800000)
  to   space 46080K, 0% used [0x00000007bd100000,0x00000007bd100000,0x00000007bfe00000)
 ParOldGen       total 346112K, used 41522K [0x0000000780000000, 0x0000000795200000, 0x00000007aab00000)
  object space 346112K, 11% used [0x0000000780000000,0x000000078288cb78,0x0000000795200000)
 Metaspace       used 67818K, capacity 70146K, committed 71296K, reserved 1112064K
  class space    used 8874K, capacity 9291K, committed 9600K, reserved 1048576K
}
Event: 4945.341 GC heap before
{Heap before GC invocations=49 (full 7):
 PSYoungGen      total 291840K, used 258528K [0x00000007aab00000, 0x00000007bfe00000, 0x00000007c0000000)
  eden space 243712K, 100% used [0x00000007aab00000,0x00000007b9900000,0x00000007b9900000)
  from space 48128K, 30% used [0x00000007b9900000,0x00000007ba778020,0x00000007bc800000)
  to   space 46080K, 0% used [0x00000007bd100000,0x00000007bd100000,0x00000007bfe00000)
 ParOldGen       total 346112K, used 41522K [0x0000000780000000, 0x0000000795200000, 0x00000007aab00000)
  object space 346112K, 11% used [0x0000000780000000,0x000000078288cb78,0x0000000795200000)
 Metaspace       used 68161K, capacity 70578K, committed 71296K, reserved 1112064K
  class space    used 8946K, capacity 9423K, committed 9600K, reserved 1048576K
Event: 4945.384 GC heap after
Heap after GC invocations=49 (full 7):
 PSYoungGen      total 296960K, used 15168K [0x00000007aab00000, 0x00000007bfa00000, 0x00000007c0000000)
  eden space 254976K, 0% used [0x00000007aab00000,0x00000007aab00000,0x00000007ba400000)
  from space 41984K, 36% used [0x00000007bd100000,0x00000007bdfd0020,0x00000007bfa00000)
  to   space 44032K, 0% used [0x00000007ba400000,0x00000007ba400000,0x00000007bcf00000)
 ParOldGen       total 346112K, used 55397K [0x0000000780000000, 0x0000000795200000, 0x00000007aab00000)
  object space 346112K, 16% used [0x0000000780000000,0x0000000783619798,0x0000000795200000)
 Metaspace       used 68161K, capacity 70578K, committed 71296K, reserved 1112064K
  class space    used 8946K, capacity 9423K, committed 9600K, reserved 1048576K
}
Event: 4949.367 GC heap before
{Heap before GC invocations=50 (full 7):
 PSYoungGen      total 296960K, used 270144K [0x00000007aab00000, 0x00000007bfa00000, 0x00000007c0000000)
  eden space 254976K, 100% used [0x00000007aab00000,0x00000007ba400000,0x00000007ba400000)
  from space 41984K, 36% used [0x00000007bd100000,0x00000007bdfd0020,0x00000007bfa00000)
  to   space 44032K, 0% used [0x00000007ba400000,0x00000007ba400000,0x00000007bcf00000)
 ParOldGen       total 346112K, used 55397K [0x0000000780000000, 0x0000000795200000, 0x00000007aab00000)
  object space 346112K, 16% used [0x0000000780000000,0x0000000783619798,0x0000000795200000)
 Metaspace       used 68342K, capacity 70864K, committed 71552K, reserved 1112064K
  class space    used 8958K, capacity 9469K, committed 9600K, reserved 1048576K
Event: 4949.449 GC heap after
Heap after GC invocations=50 (full 7):
 PSYoungGen      total 293376K, used 38191K [0x00000007aab00000, 0x00000007c0000000, 0x00000007c0000000)
  eden space 254976K, 0% used [0x00000007aab00000,0x00000007aab00000,0x00000007ba400000)
  from space 38400K, 99% used [0x00000007ba400000,0x00000007bc94bcc8,0x00000007bc980000)
  to   space 50688K, 0% used [0x00000007bce80000,0x00000007bce80000,0x00000007c0000000)
 ParOldGen       total 346112K, used 70014K [0x0000000780000000, 0x0000000795200000, 0x00000007aab00000)
  object space 346112K, 20% used [0x0000000780000000,0x000000078445f8d8,0x0000000795200000)
 Metaspace       used 68342K, capacity 70864K, committed 71552K, reserved 1112064K
  class space    used 8958K, capacity 9469K, committed 9600K, reserved 1048576K
}
Event: 4954.017 GC heap before
{Heap before GC invocations=51 (full 7):
 PSYoungGen      total 293376K, used 293167K [0x00000007aab00000, 0x00000007c0000000, 0x00000007c0000000)
  eden space 254976K, 100% used [0x00000007aab00000,0x00000007ba400000,0x00000007ba400000)
  from space 38400K, 99% used [0x00000007ba400000,0x00000007bc94bcc8,0x00000007bc980000)
  to   space 50688K, 0% used [0x00000007bce80000,0x00000007bce80000,0x00000007c0000000)
 ParOldGen       total 346112K, used 70014K [0x0000000780000000, 0x0000000795200000, 0x00000007aab00000)
  object space 346112K, 20% used [0x0000000780000000,0x000000078445f8d8,0x0000000795200000)
 Metaspace       used 68432K, capacity 70980K, committed 71552K, reserved 1112064K
  class space    used 8962K, capacity 9477K, committed 9600K, reserved 1048576K

